2026-01-08 08:46:10.375 - INFO - read : Reader-1: UID (no SW): 303043453031413237350D
2026-01-08 10:05:39.023 - INFO - read : Reader-1: UID (no SW): 303043453031413237350D
2026-01-08 10:51:40.091 - INFO - main : Received signal, stopping...
2026-01-08 10:51:40.574 - INFO - main : Received signal, stopping...
2026-01-08 10:51:41.106 - WARNING - main : Thread Reader-2 is not alive
2026-01-08 10:51:41.137 - INFO - 2026_01_08__10_51_41_137689 : Konec
2026-01-08 10:51:41.138 - INFO - -----------------------------------------------------
2026-01-08 10:52:25.755 - INFO - -----------------------------------------------------
2026-01-08 10:52:25.755 - INFO - Začátek
2026-01-08 10:52:25.756 - DEBUG - load_config : Configuration loaded: 2 reader(s) from /home/user/at_acs_card_reader/serial_card_reader.json
2026-01-08 10:52:25.757 - INFO - Starting 2 card reader(s)...
2026-01-08 10:52:25.757 - INFO - Initializing Reader-1 on port /dev/ttyACM_back_left
2026-01-08 10:52:25.758 - INFO - Initializing Reader-2 on port /dev/ttyACM_back_right
2026-01-08 10:52:25.759 - INFO - read : Reader-1 (/dev/ttyACM_back_left): Opened @ 115200
2026-01-08 10:52:25.786 - INFO - read : Reader-2 (/dev/ttyACM_back_right): Opened @ 115200
2026-01-08 10:52:25.789 - ERROR - zapis_do_opc : ns=1;i=100013 - [Errno 111] Connection refused
2026-01-08 10:52:25.791 - ERROR - zapis_do_opc : ns=1;i=100013 - 'NoneType' object has no attribute 'write'
2026-01-08 10:52:25.797 - ERROR - zapis_do_opc : ns=1;i=100017 - [Errno 111] Connection refused
2026-01-08 10:52:25.798 - ERROR - zapis_do_opc : ns=1;i=100017 - 'NoneType' object has no attribute 'write'
2026-01-08 10:52:25.829 - WARNING - main : Thread Reader-1 is not alive
2026-01-08 10:52:25.829 - WARNING - main : Thread Reader-2 is not alive
2026-01-08 10:52:25.829 - INFO - 2026_01_08__10_52_25_829650 : Konec
2026-01-08 10:52:25.829 - INFO - -----------------------------------------------------
2026-01-08 10:53:26.526 - INFO - -----------------------------------------------------
2026-01-08 10:53:26.527 - INFO - Začátek
2026-01-08 10:53:26.527 - DEBUG - load_config : Configuration loaded: 2 reader(s) from /home/user/at_acs_card_reader/serial_card_reader.json
2026-01-08 10:53:26.528 - INFO - Starting 2 card reader(s)...
2026-01-08 10:53:26.528 - INFO - Initializing Reader-1 on port /dev/ttyACM_back_left
2026-01-08 10:53:26.530 - INFO - Initializing Reader-2 on port /dev/ttyACM_back_right
2026-01-08 10:53:26.532 - INFO - read : Reader-1 (/dev/ttyACM_back_left): Opened @ 115200
2026-01-08 10:53:26.540 - ERROR - zapis_do_opc : ns=1;i=100013 - [Errno 111] Connection refused
2026-01-08 10:53:26.541 - ERROR - zapis_do_opc : ns=1;i=100013 - 'NoneType' object has no attribute 'write'
2026-01-08 10:53:26.543 - INFO - read : Reader-2 (/dev/ttyACM_back_right): Opened @ 115200
2026-01-08 10:53:26.544 - ERROR - zapis_do_opc : ns=1;i=100017 - [Errno 111] Connection refused
2026-01-08 10:53:26.545 - ERROR - zapis_do_opc : ns=1;i=100017 - 'NoneType' object has no attribute 'write'
2026-01-08 10:53:26.556 - WARNING - main : Thread Reader-1 is not alive
2026-01-08 10:53:26.556 - WARNING - main : Thread Reader-2 is not alive
2026-01-08 10:53:26.556 - INFO - 2026_01_08__10_53_26_556831 : Konec
2026-01-08 10:53:26.557 - INFO - -----------------------------------------------------
2026-01-08 10:54:27.056 - INFO - -----------------------------------------------------
2026-01-08 10:54:27.056 - INFO - Začátek
2026-01-08 10:54:27.057 - DEBUG - load_config : Configuration loaded: 2 reader(s) from /home/user/at_acs_card_reader/serial_card_reader.json
2026-01-08 10:54:27.057 - INFO - Starting 2 card reader(s)...
2026-01-08 10:54:27.057 - INFO - Initializing Reader-1 on port /dev/ttyACM_back_left
2026-01-08 10:54:27.058 - INFO - Initializing Reader-2 on port /dev/ttyACM_back_right
2026-01-08 10:54:27.058 - INFO - read : Reader-1 (/dev/ttyACM_back_left): Opened @ 115200
2026-01-08 10:54:27.063 - INFO - read : Reader-2 (/dev/ttyACM_back_right): Opened @ 115200
2026-01-08 10:54:27.064 - ERROR - zapis_do_opc : ns=1;i=100013 - [Errno 111] Connection refused
2026-01-08 10:54:27.065 - ERROR - zapis_do_opc : ns=1;i=100017 - [Errno 111] Connection refused
2026-01-08 10:54:27.066 - ERROR - zapis_do_opc : ns=1;i=100013 - 'NoneType' object has no attribute 'write'
2026-01-08 10:54:27.067 - ERROR - zapis_do_opc : ns=1;i=100017 - 'NoneType' object has no attribute 'write'
2026-01-08 10:54:27.087 - WARNING - main : Thread Reader-1 is not alive
2026-01-08 10:54:27.087 - WARNING - main : Thread Reader-2 is not alive
2026-01-08 10:54:27.087 - INFO - 2026_01_08__10_54_27_087748 : Konec
2026-01-08 10:54:27.087 - INFO - -----------------------------------------------------
2026-01-08 10:55:27.524 - INFO - -----------------------------------------------------
2026-01-08 10:55:27.525 - INFO - Začátek
2026-01-08 10:55:27.525 - DEBUG - load_config : Configuration loaded: 2 reader(s) from /home/user/at_acs_card_reader/serial_card_reader.json
2026-01-08 10:55:27.526 - INFO - Starting 2 card reader(s)...
2026-01-08 10:55:27.526 - INFO - Initializing Reader-1 on port /dev/ttyACM_back_left
2026-01-08 10:55:27.527 - INFO - Initializing Reader-2 on port /dev/ttyACM_back_right
2026-01-08 10:55:27.527 - INFO - read : Reader-1 (/dev/ttyACM_back_left): Opened @ 115200
2026-01-08 10:55:27.529 - INFO - read : Reader-2 (/dev/ttyACM_back_right): Opened @ 115200
2026-01-08 10:55:27.532 - ERROR - zapis_do_opc : ns=1;i=100013 - [Errno 111] Connection refused
2026-01-08 10:55:27.534 - ERROR - zapis_do_opc : ns=1;i=100013 - 'NoneType' object has no attribute 'write'
2026-01-08 10:55:27.536 - ERROR - zapis_do_opc : ns=1;i=100017 - [Errno 111] Connection refused
2026-01-08 10:55:27.540 - ERROR - zapis_do_opc : ns=1;i=100017 - 'NoneType' object has no attribute 'write'
2026-01-08 10:55:27.545 - WARNING - main : Thread Reader-1 is not alive
2026-01-08 10:55:27.546 - WARNING - main : Thread Reader-2 is not alive
2026-01-08 10:55:27.547 - INFO - 2026_01_08__10_55_27_547019 : Konec
2026-01-08 10:55:27.547 - INFO - -----------------------------------------------------
2026-01-08 10:57:05.456 - INFO - -----------------------------------------------------
2026-01-08 10:57:05.456 - INFO - Začátek
2026-01-08 10:57:05.458 - DEBUG - load_config : Configuration loaded: 2 reader(s) from /home/user/at_acs_card_reader/serial_card_reader.json
2026-01-08 10:57:05.460 - INFO - Starting 2 card reader(s)...
2026-01-08 10:57:05.461 - INFO - Initializing Reader-1 on port /dev/ttyACM_back_left
2026-01-08 10:57:05.461 - INFO - Initializing Reader-2 on port /dev/ttyACM_back_right
2026-01-08 10:57:05.463 - INFO - read : Reader-1 (/dev/ttyACM_back_left): Opened @ 115200
2026-01-08 10:57:05.476 - ERROR - zapis_do_opc : ns=1;i=100013 - [Errno 111] Connection refused
2026-01-08 10:57:05.484 - ERROR - zapis_do_opc : ns=1;i=100013 - 'NoneType' object has no attribute 'write'
2026-01-08 10:57:05.484 - INFO - read : Reader-2 (/dev/ttyACM_back_right): Opened @ 115200
2026-01-08 10:57:05.495 - ERROR - zapis_do_opc : ns=1;i=100017 - [Errno 111] Connection refused
2026-01-08 10:57:05.496 - ERROR - zapis_do_opc : ns=1;i=100017 - 'NoneType' object has no attribute 'write'
2026-01-08 10:57:05.552 - WARNING - main : Thread Reader-1 is not alive
2026-01-08 10:57:05.552 - WARNING - main : Thread Reader-2 is not alive
2026-01-08 10:57:05.552 - INFO - 2026_01_08__10_57_05_552813 : Konec
2026-01-08 10:57:05.552 - INFO - -----------------------------------------------------
2026-01-08 10:58:06.094 - INFO - -----------------------------------------------------
2026-01-08 10:58:06.094 - INFO - Začátek
2026-01-08 10:58:06.094 - DEBUG - load_config : Configuration loaded: 2 reader(s) from /home/user/at_acs_card_reader/serial_card_reader.json
2026-01-08 10:58:06.095 - INFO - Starting 2 card reader(s)...
2026-01-08 10:58:06.095 - INFO - Initializing Reader-1 on port /dev/ttyACM_back_left
2026-01-08 10:58:06.096 - INFO - Initializing Reader-2 on port /dev/ttyACM_back_right
2026-01-08 10:58:06.096 - INFO - read : Reader-1 (/dev/ttyACM_back_left): Opened @ 115200
2026-01-08 10:58:06.100 - INFO - read : Reader-2 (/dev/ttyACM_back_right): Opened @ 115200
2026-01-08 10:58:06.101 - ERROR - zapis_do_opc : ns=1;i=100013 - [Errno 111] Connection refused
2026-01-08 10:58:06.102 - ERROR - zapis_do_opc : ns=1;i=100013 - 'NoneType' object has no attribute 'write'
2026-01-08 10:58:06.107 - ERROR - zapis_do_opc : ns=1;i=100017 - [Errno 111] Connection refused
2026-01-08 10:58:06.108 - ERROR - zapis_do_opc : ns=1;i=100017 - 'NoneType' object has no attribute 'write'
2026-01-08 10:58:06.114 - WARNING - main : Thread Reader-1 is not alive
2026-01-08 10:58:06.115 - WARNING - main : Thread Reader-2 is not alive
2026-01-08 10:58:06.115 - INFO - 2026_01_08__10_58_06_115194 : Konec
2026-01-08 10:58:06.115 - INFO - -----------------------------------------------------
2026-01-08 10:59:06.515 - INFO - -----------------------------------------------------
2026-01-08 10:59:06.515 - INFO - Začátek
2026-01-08 10:59:06.516 - DEBUG - load_config : Configuration loaded: 2 reader(s) from /home/user/at_acs_card_reader/serial_card_reader.json
2026-01-08 10:59:06.516 - INFO - Starting 2 card reader(s)...
2026-01-08 10:59:06.516 - INFO - Initializing Reader-1 on port /dev/ttyACM_back_left
2026-01-08 10:59:06.517 - INFO - Initializing Reader-2 on port /dev/ttyACM_back_right
2026-01-08 10:59:06.517 - INFO - read : Reader-1 (/dev/ttyACM_back_left): Opened @ 115200
2026-01-08 10:59:06.522 - INFO - read : Reader-2 (/dev/ttyACM_back_right): Opened @ 115200
2026-01-08 10:59:06.522 - ERROR - zapis_do_opc : ns=1;i=100013 - [Errno 111] Connection refused
2026-01-08 10:59:06.524 - ERROR - zapis_do_opc : ns=1;i=100013 - 'NoneType' object has no attribute 'write'
2026-01-08 10:59:06.526 - ERROR - zapis_do_opc : ns=1;i=100017 - [Errno 111] Connection refused
2026-01-08 10:59:06.531 - ERROR - zapis_do_opc : ns=1;i=100017 - 'NoneType' object has no attribute 'write'
2026-01-08 10:59:06.536 - WARNING - main : Thread Reader-1 is not alive
2026-01-08 10:59:06.536 - WARNING - main : Thread Reader-2 is not alive
2026-01-08 10:59:06.536 - INFO - 2026_01_08__10_59_06_536816 : Konec
2026-01-08 10:59:06.536 - INFO - -----------------------------------------------------
2026-01-08 11:00:06.929 - INFO - -----------------------------------------------------
2026-01-08 11:00:06.929 - INFO - Začátek
2026-01-08 11:00:06.930 - DEBUG - load_config : Configuration loaded: 2 reader(s) from /home/user/at_acs_card_reader/serial_card_reader.json
2026-01-08 11:00:06.930 - INFO - Starting 2 card reader(s)...
2026-01-08 11:00:06.930 - INFO - Initializing Reader-1 on port /dev/ttyACM_back_left
2026-01-08 11:00:06.931 - INFO - Initializing Reader-2 on port /dev/ttyACM_back_right
2026-01-08 11:00:06.932 - INFO - read : Reader-1 (/dev/ttyACM_back_left): Opened @ 115200
2026-01-08 11:00:06.933 - INFO - read : Reader-2 (/dev/ttyACM_back_right): Opened @ 115200
2026-01-08 11:00:06.937 - ERROR - zapis_do_opc : ns=1;i=100017 - [Errno 111] Connection refused
2026-01-08 11:00:06.937 - ERROR - zapis_do_opc : ns=1;i=100013 - [Errno 111] Connection refused
2026-01-08 11:00:06.940 - ERROR - zapis_do_opc : ns=1;i=100013 - 'NoneType' object has no attribute 'write'
2026-01-08 11:00:06.941 - ERROR - zapis_do_opc : ns=1;i=100017 - 'NoneType' object has no attribute 'write'
2026-01-08 11:00:06.951 - WARNING - main : Thread Reader-1 is not alive
2026-01-08 11:00:06.952 - WARNING - main : Thread Reader-2 is not alive
2026-01-08 11:00:06.952 - INFO - 2026_01_08__11_00_06_952182 : Konec
2026-01-08 11:00:06.952 - INFO - -----------------------------------------------------
2026-01-08 11:01:07.341 - INFO - -----------------------------------------------------
2026-01-08 11:01:07.341 - INFO - Začátek
2026-01-08 11:01:07.342 - DEBUG - load_config : Configuration loaded: 2 reader(s) from /home/user/at_acs_card_reader/serial_card_reader.json
2026-01-08 11:01:07.342 - INFO - Starting 2 card reader(s)...
2026-01-08 11:01:07.343 - INFO - Initializing Reader-1 on port /dev/ttyACM_back_left
2026-01-08 11:01:07.343 - INFO - Initializing Reader-2 on port /dev/ttyACM_back_right
2026-01-08 11:01:07.344 - INFO - read : Reader-1 (/dev/ttyACM_back_left): Opened @ 115200
2026-01-08 11:01:07.345 - INFO - read : Reader-2 (/dev/ttyACM_back_right): Opened @ 115200
2026-01-08 11:01:07.349 - ERROR - zapis_do_opc : ns=1;i=100017 - [Errno 111] Connection refused
2026-01-08 11:01:07.349 - ERROR - zapis_do_opc : ns=1;i=100013 - [Errno 111] Connection refused
2026-01-08 11:01:07.351 - ERROR - zapis_do_opc : ns=1;i=100013 - 'NoneType' object has no attribute 'write'
2026-01-08 11:01:07.352 - ERROR - zapis_do_opc : ns=1;i=100017 - 'NoneType' object has no attribute 'write'
2026-01-08 11:01:07.361 - WARNING - main : Thread Reader-1 is not alive
2026-01-08 11:01:07.362 - WARNING - main : Thread Reader-2 is not alive
2026-01-08 11:01:07.362 - INFO - 2026_01_08__11_01_07_362452 : Konec
2026-01-08 11:01:07.362 - INFO - -----------------------------------------------------
2026-01-08 11:02:07.911 - INFO - -----------------------------------------------------
2026-01-08 11:02:07.912 - INFO - Začátek
2026-01-08 11:02:07.913 - DEBUG - load_config : Configuration loaded: 2 reader(s) from /home/user/at_acs_card_reader/serial_card_reader.json
2026-01-08 11:02:07.913 - INFO - Starting 2 card reader(s)...
2026-01-08 11:02:07.914 - INFO - Initializing Reader-1 on port /dev/ttyACM_back_left
2026-01-08 11:02:07.916 - INFO - read : Reader-1 (/dev/ttyACM_back_left): Opened @ 115200
2026-01-08 11:02:07.926 - INFO - Initializing Reader-2 on port /dev/ttyACM_back_right
2026-01-08 11:02:07.929 - INFO - read : Reader-2 (/dev/ttyACM_back_right): Opened @ 115200
2026-01-08 11:02:07.930 - ERROR - zapis_do_opc : ns=1;i=100013 - [Errno 111] Connection refused
2026-01-08 11:02:07.931 - ERROR - zapis_do_opc : ns=1;i=100017 - [Errno 111] Connection refused
2026-01-08 11:02:07.934 - ERROR - zapis_do_opc : ns=1;i=100017 - 'NoneType' object has no attribute 'write'
2026-01-08 11:02:07.933 - ERROR - zapis_do_opc : ns=1;i=100013 - 'NoneType' object has no attribute 'write'
2026-01-08 11:02:07.956 - WARNING - main : Thread Reader-1 is not alive
2026-01-08 11:02:07.956 - WARNING - main : Thread Reader-2 is not alive
2026-01-08 11:02:07.956 - INFO - 2026_01_08__11_02_07_956899 : Konec
2026-01-08 11:02:07.957 - INFO - -----------------------------------------------------
2026-01-08 11:03:08.475 - INFO - -----------------------------------------------------
2026-01-08 11:03:08.482 - INFO - Začátek
2026-01-08 11:03:08.483 - DEBUG - load_config : Configuration loaded: 2 reader(s) from /home/user/at_acs_card_reader/serial_card_reader.json
2026-01-08 11:03:08.483 - INFO - Starting 2 card reader(s)...
2026-01-08 11:03:08.484 - INFO - Initializing Reader-1 on port /dev/ttyACM_back_left
2026-01-08 11:03:08.487 - INFO - Initializing Reader-2 on port /dev/ttyACM_back_right
2026-01-08 11:03:08.491 - INFO - read : Reader-1 (/dev/ttyACM_back_left): Opened @ 115200
2026-01-08 11:03:08.497 - INFO - read : Reader-2 (/dev/ttyACM_back_right): Opened @ 115200
2026-01-08 11:03:08.501 - ERROR - zapis_do_opc : ns=1;i=100013 - [Errno 111] Connection refused
2026-01-08 11:03:08.503 - ERROR - zapis_do_opc : ns=1;i=100017 - [Errno 111] Connection refused
2026-01-08 11:03:08.505 - ERROR - zapis_do_opc : ns=1;i=100013 - 'NoneType' object has no attribute 'write'
2026-01-08 11:03:08.506 - ERROR - zapis_do_opc : ns=1;i=100017 - 'NoneType' object has no attribute 'write'
2026-01-08 11:03:08.534 - WARNING - main : Thread Reader-1 is not alive
2026-01-08 11:03:08.535 - WARNING - main : Thread Reader-2 is not alive
2026-01-08 11:03:08.535 - INFO - 2026_01_08__11_03_08_535306 : Konec
2026-01-08 11:03:08.535 - INFO - -----------------------------------------------------
2026-01-08 11:04:08.958 - INFO - -----------------------------------------------------
2026-01-08 11:04:08.959 - INFO - Začátek
2026-01-08 11:04:08.960 - DEBUG - load_config : Configuration loaded: 2 reader(s) from /home/user/at_acs_card_reader/serial_card_reader.json
2026-01-08 11:04:08.961 - INFO - Starting 2 card reader(s)...
2026-01-08 11:04:08.962 - INFO - Initializing Reader-1 on port /dev/ttyACM_back_left
2026-01-08 11:04:08.962 - INFO - Initializing Reader-2 on port /dev/ttyACM_back_right
2026-01-08 11:04:08.964 - INFO - read : Reader-1 (/dev/ttyACM_back_left): Opened @ 115200
2026-01-08 11:04:08.965 - INFO - read : Reader-2 (/dev/ttyACM_back_right): Opened @ 115200
2026-01-08 11:04:08.970 - ERROR - zapis_do_opc : ns=1;i=100013 - [Errno 111] Connection refused
2026-01-08 11:04:08.971 - ERROR - zapis_do_opc : ns=1;i=100013 - 'NoneType' object has no attribute 'write'
2026-01-08 11:04:08.972 - ERROR - zapis_do_opc : ns=1;i=100017 - [Errno 111] Connection refused
2026-01-08 11:04:08.973 - ERROR - zapis_do_opc : ns=1;i=100017 - 'NoneType' object has no attribute 'write'
2026-01-08 11:04:08.985 - WARNING - main : Thread Reader-1 is not alive
2026-01-08 11:04:08.986 - WARNING - main : Thread Reader-2 is not alive
2026-01-08 11:04:08.986 - INFO - 2026_01_08__11_04_08_986221 : Konec
2026-01-08 11:04:08.986 - INFO - -----------------------------------------------------
2026-01-08 11:05:09.378 - INFO - -----------------------------------------------------
2026-01-08 11:05:09.378 - INFO - Začátek
2026-01-08 11:05:09.378 - DEBUG - load_config : Configuration loaded: 2 reader(s) from /home/user/at_acs_card_reader/serial_card_reader.json
2026-01-08 11:05:09.379 - INFO - Starting 2 card reader(s)...
2026-01-08 11:05:09.379 - INFO - Initializing Reader-1 on port /dev/ttyACM_back_left
2026-01-08 11:05:09.380 - INFO - Initializing Reader-2 on port /dev/ttyACM_back_right
2026-01-08 11:05:09.380 - INFO - read : Reader-1 (/dev/ttyACM_back_left): Opened @ 115200
2026-01-08 11:05:09.382 - INFO - read : Reader-2 (/dev/ttyACM_back_right): Opened @ 115200
2026-01-08 11:05:09.386 - ERROR - zapis_do_opc : ns=1;i=100013 - [Errno 111] Connection refused
2026-01-08 11:05:09.388 - ERROR - zapis_do_opc : ns=1;i=100017 - [Errno 111] Connection refused
2026-01-08 11:05:09.389 - ERROR - zapis_do_opc : ns=1;i=100013 - 'NoneType' object has no attribute 'write'
2026-01-08 11:05:09.390 - ERROR - zapis_do_opc : ns=1;i=100017 - 'NoneType' object has no attribute 'write'
2026-01-08 11:05:09.413 - WARNING - main : Thread Reader-1 is not alive
2026-01-08 11:05:09.413 - WARNING - main : Thread Reader-2 is not alive
2026-01-08 11:05:09.414 - INFO - 2026_01_08__11_05_09_414170 : Konec
2026-01-08 11:05:09.414 - INFO - -----------------------------------------------------
2026-01-08 11:06:09.849 - INFO - -----------------------------------------------------
2026-01-08 11:06:09.849 - INFO - Začátek
2026-01-08 11:06:09.850 - DEBUG - load_config : Configuration loaded: 2 reader(s) from /home/user/at_acs_card_reader/serial_card_reader.json
2026-01-08 11:06:09.850 - INFO - Starting 2 card reader(s)...
2026-01-08 11:06:09.850 - INFO - Initializing Reader-1 on port /dev/ttyACM_back_left
2026-01-08 11:06:09.851 - INFO - Initializing Reader-2 on port /dev/ttyACM_back_right
2026-01-08 11:06:09.853 - INFO - read : Reader-1 (/dev/ttyACM_back_left): Opened @ 115200
2026-01-08 11:06:09.854 - INFO - read : Reader-2 (/dev/ttyACM_back_right): Opened @ 115200
2026-01-08 11:06:09.858 - ERROR - zapis_do_opc : ns=1;i=100017 - [Errno 111] Connection refused
2026-01-08 11:06:09.860 - ERROR - zapis_do_opc : ns=1;i=100017 - 'NoneType' object has no attribute 'write'
2026-01-08 11:06:09.862 - ERROR - zapis_do_opc : ns=1;i=100013 - [Errno 111] Connection refused
2026-01-08 11:06:09.869 - ERROR - zapis_do_opc : ns=1;i=100013 - 'NoneType' object has no attribute 'write'
2026-01-08 11:06:09.883 - WARNING - main : Thread Reader-1 is not alive
2026-01-08 11:06:09.884 - WARNING - main : Thread Reader-2 is not alive
2026-01-08 11:06:09.884 - INFO - 2026_01_08__11_06_09_884668 : Konec
2026-01-08 11:06:09.884 - INFO - -----------------------------------------------------
2026-01-08 11:07:10.286 - INFO - -----------------------------------------------------
2026-01-08 11:07:10.286 - INFO - Začátek
2026-01-08 11:07:10.287 - DEBUG - load_config : Configuration loaded: 2 reader(s) from /home/user/at_acs_card_reader/serial_card_reader.json
2026-01-08 11:07:10.287 - INFO - Starting 2 card reader(s)...
2026-01-08 11:07:10.288 - INFO - Initializing Reader-1 on port /dev/ttyACM_back_left
2026-01-08 11:07:10.288 - INFO - Initializing Reader-2 on port /dev/ttyACM_back_right
2026-01-08 11:07:10.289 - INFO - read : Reader-1 (/dev/ttyACM_back_left): Opened @ 115200
2026-01-08 11:07:10.290 - INFO - read : Reader-2 (/dev/ttyACM_back_right): Opened @ 115200
2026-01-08 11:09:35.733 - ERROR - cteni_z_opc : ns=1;i=100017 - [Errno 111] Connection refused
2026-01-08 11:09:35.735 - ERROR - cteni_z_opc : ns=1;i=100017 - 'NoneType' object has no attribute 'write'
2026-01-08 11:09:35.737 - ERROR - cteni_z_opc : ns=1;i=100013 - [Errno 111] Connection refused
2026-01-08 11:09:35.739 - ERROR - cteni_z_opc : ns=1;i=100013 - 'NoneType' object has no attribute 'write'
2026-01-08 11:09:35.749 - WARNING - main : Thread Reader-2 is not alive
2026-01-08 11:09:35.755 - INFO - 2026_01_08__11_09_35_755127 : Konec
2026-01-08 11:09:35.755 - INFO - -----------------------------------------------------
2026-01-08 11:10:26.761 - INFO - -----------------------------------------------------
2026-01-08 11:10:26.771 - INFO - Začátek
2026-01-08 11:10:26.772 - DEBUG - load_config : Configuration loaded: 2 reader(s) from /home/user/at_acs_card_reader/serial_card_reader.json
2026-01-08 11:10:26.776 - INFO - Starting 2 card reader(s)...
2026-01-08 11:10:26.776 - INFO - Initializing Reader-1 on port /dev/ttyACM_back_left
2026-01-08 11:10:26.777 - INFO - Initializing Reader-2 on port /dev/ttyACM_back_right
2026-01-08 11:10:26.779 - INFO - read : Reader-1 (/dev/ttyACM_back_left): Opened @ 115200
2026-01-08 11:10:26.787 - ERROR - zapis_do_opc : ns=1;i=100013 - [Errno 111] Connection refused
2026-01-08 11:10:26.793 - INFO - read : Reader-2 (/dev/ttyACM_back_right): Opened @ 115200
2026-01-08 11:10:26.801 - ERROR - zapis_do_opc : ns=1;i=100013 - 'NoneType' object has no attribute 'write'
2026-01-08 11:10:26.803 - ERROR - zapis_do_opc : ns=1;i=100017 - [Errno 111] Connection refused
2026-01-08 11:10:26.810 - ERROR - zapis_do_opc : ns=1;i=100017 - 'NoneType' object has no attribute 'write'
2026-01-08 11:10:26.874 - WARNING - main : Thread Reader-1 is not alive
2026-01-08 11:10:26.875 - WARNING - main : Thread Reader-2 is not alive
2026-01-08 11:10:26.876 - INFO - 2026_01_08__11_10_26_875928 : Konec
2026-01-08 11:10:26.876 - INFO - -----------------------------------------------------
2026-01-08 11:11:27.608 - INFO - -----------------------------------------------------
2026-01-08 11:11:27.612 - INFO - Začátek
2026-01-08 11:11:27.613 - DEBUG - load_config : Configuration loaded: 2 reader(s) from /home/user/at_acs_card_reader/serial_card_reader.json
2026-01-08 11:11:27.614 - INFO - Starting 2 card reader(s)...
2026-01-08 11:11:27.615 - INFO - Initializing Reader-1 on port /dev/ttyACM_back_left
2026-01-08 11:11:27.616 - INFO - read : Reader-1 (/dev/ttyACM_back_left): Opened @ 115200
2026-01-08 11:11:27.617 - INFO - Initializing Reader-2 on port /dev/ttyACM_back_right
2026-01-08 11:11:27.625 - INFO - read : Reader-2 (/dev/ttyACM_back_right): Opened @ 115200
2026-01-08 11:45:13.818 - INFO - main : Received signal, stopping...
2026-01-08 11:45:13.821 - INFO - main : Received signal, stopping...
2026-01-08 11:45:14.601 - WARNING - main : Thread Reader-1 is not alive
2026-01-08 11:45:14.602 - WARNING - main : Thread Reader-2 is not alive
2026-01-08 11:45:14.602 - INFO - 2026_01_08__11_45_14_602300 : Konec
2026-01-08 11:45:14.602 - INFO - -----------------------------------------------------
2026-01-08 11:45:15.419 - INFO - -----------------------------------------------------
2026-01-08 11:45:15.420 - INFO - Začátek
2026-01-08 11:45:15.420 - DEBUG - load_config : Configuration loaded: 2 reader(s) from /home/user/at_acs_card_reader/serial_card_reader.json
2026-01-08 11:45:15.421 - INFO - Starting 2 card reader(s)...
2026-01-08 11:45:15.421 - INFO - Initializing Reader-1 on port /dev/ttyACM_back_left
2026-01-08 11:45:15.421 - INFO - Initializing Reader-2 on port /dev/ttyACM_back_right
2026-01-08 11:45:15.423 - INFO - read : Reader-1 (/dev/ttyACM_back_left): Opened @ 115200
2026-01-08 11:45:15.431 - INFO - read : Reader-2 (/dev/ttyACM_back_right): Opened @ 115200
2026-01-08 11:45:26.467 - ERROR - zapis_do_opc : ns=1;i=100011 - 'i' format requires -2147483648 <= number <= 2147483647
2026-01-08 11:45:26.474 - INFO - read : Reader-1: UID (no SW): 303043453031413237350D
2026-01-08 11:46:03.449 - INFO - main : Received signal, stopping...
2026-01-08 11:46:03.465 - INFO - main : Received signal, stopping...
2026-01-08 11:46:04.158 - WARNING - main : Thread Reader-1 is not alive
2026-01-08 11:46:04.238 - WARNING - main : Thread Reader-2 is not alive
2026-01-08 11:46:04.238 - INFO - 2026_01_08__11_46_04_238463 : Konec
2026-01-08 11:46:04.238 - INFO - -----------------------------------------------------
2026-01-08 11:46:04.790 - INFO - -----------------------------------------------------
2026-01-08 11:46:04.791 - INFO - Začátek
2026-01-08 11:46:04.793 - DEBUG - load_config : Configuration loaded: 2 reader(s) from /home/user/at_acs_card_reader/serial_card_reader.json
2026-01-08 11:46:04.794 - INFO - Starting 2 card reader(s)...
2026-01-08 11:46:04.794 - INFO - Initializing Reader-1 on port /dev/ttyACM_back_left
2026-01-08 11:46:04.796 - INFO - Initializing Reader-2 on port /dev/ttyACM_back_right
2026-01-08 11:46:04.797 - INFO - read : Reader-1 (/dev/ttyACM_back_left): Opened @ 115200
2026-01-08 11:46:04.802 - INFO - read : Reader-2 (/dev/ttyACM_back_right): Opened @ 115200
2026-01-08 11:46:11.216 - ERROR - zapis_do_opc : ns=1;i=100011 - 'i' format requires -2147483648 <= number <= 2147483647
2026-01-08 11:46:11.221 - INFO - read : Reader-1: DEC: 3456213621
2026-01-08 11:46:11.221 - INFO - read : Reader-1: UID (no SW): 303043453031413237350D
2026-01-08 11:46:42.361 - INFO - main : Received signal, stopping...
2026-01-08 11:46:42.366 - INFO - main : Received signal, stopping...
2026-01-08 11:46:42.579 - WARNING - main : Thread Reader-2 is not alive
2026-01-08 11:46:43.369 - INFO - 2026_01_08__11_46_43_368961 : Konec
2026-01-08 11:46:43.369 - INFO - -----------------------------------------------------
2026-01-08 11:46:44.182 - INFO - -----------------------------------------------------
2026-01-08 11:46:44.189 - INFO - Začátek
2026-01-08 11:46:44.190 - DEBUG - load_config : Configuration loaded: 2 reader(s) from /home/user/at_acs_card_reader/serial_card_reader.json
2026-01-08 11:46:44.191 - INFO - Starting 2 card reader(s)...
2026-01-08 11:46:44.191 - INFO - Initializing Reader-1 on port /dev/ttyACM_back_left
2026-01-08 11:46:44.192 - INFO - Initializing Reader-2 on port /dev/ttyACM_back_right
2026-01-08 11:46:44.194 - INFO - read : Reader-1 (/dev/ttyACM_back_left): Opened @ 115200
2026-01-08 11:46:44.199 - INFO - read : Reader-2 (/dev/ttyACM_back_right): Opened @ 115200
2026-01-08 11:46:48.113 - INFO - read : Reader-1: UID (no SW): 303043453031413237350D
2026-01-08 12:04:58.165 - INFO - main : Received signal, stopping...
2026-01-08 12:04:58.244 - WARNING - main : Thread Reader-2 is not alive
2026-01-08 12:04:58.719 - INFO - 2026_01_08__12_04_58_718944 : Konec
2026-01-08 12:04:58.719 - INFO - -----------------------------------------------------
2026-01-08 12:04:59.267 - INFO - -----------------------------------------------------
2026-01-08 12:04:59.268 - INFO - Začátek
2026-01-08 12:04:59.269 - DEBUG - load_config : Configuration loaded: 2 reader(s) from /home/user/at_acs_card_reader/serial_card_reader.json
2026-01-08 12:04:59.270 - INFO - Starting 2 card reader(s)...
2026-01-08 12:04:59.271 - INFO - Initializing Reader-1 on port /dev/ttyACM_back_left
2026-01-08 12:04:59.272 - INFO - Initializing Reader-2 on port /dev/ttyACM_back_right
2026-01-08 12:04:59.274 - INFO - read : Reader-1 (/dev/ttyACM_back_left): Opened @ 115200
2026-01-08 12:04:59.280 - INFO - read : Reader-2 (/dev/ttyACM_back_right): Opened @ 115200
2026-01-08 12:14:47.231 - INFO - main : Received signal, stopping...
2026-01-08 12:14:47.479 - INFO - main : Received signal, stopping...
2026-01-08 12:14:47.980 - WARNING - main : Thread Reader-1 is not alive
2026-01-08 12:14:47.980 - WARNING - main : Thread Reader-2 is not alive
2026-01-08 12:14:47.981 - INFO - 2026_01_08__12_14_47_981117 : Konec
2026-01-08 12:14:47.981 - INFO - -----------------------------------------------------
2026-01-08 12:15:21.330 - INFO - -----------------------------------------------------
2026-01-08 12:15:21.346 - INFO - Začátek
2026-01-08 12:15:21.347 - DEBUG - load_config : Configuration loaded: 2 reader(s) from /home/user/at_acs_card_reader/serial_card_reader.json
2026-01-08 12:15:21.352 - INFO - cleanup_old_logs : Cleaned up 2 old log file(s)
2026-01-08 12:15:21.353 - INFO - Starting 2 card reader(s)...
2026-01-08 12:15:21.353 - INFO - Initializing Reader-1 on port /dev/ttyACM_back_left
2026-01-08 12:15:21.355 - INFO - read : Reader-1 (/dev/ttyACM_back_left): Opened @ 115200
2026-01-08 12:15:21.376 - INFO - Initializing Reader-2 on port /dev/ttyACM_back_right
2026-01-08 12:15:21.377 - INFO - read : Reader-2 (/dev/ttyACM_back_right): Opened @ 115200
2026-01-08 12:15:21.382 - ERROR - zapis_do_opc : ns=1;i=100017 - [Errno 111] Connection refused
2026-01-08 12:15:21.383 - ERROR - zapis_do_opc : ns=1;i=100017 - 'NoneType' object has no attribute 'write'
2026-01-08 12:15:21.384 - ERROR - zapis_do_opc : ns=1;i=100013 - [Errno 111] Connection refused
2026-01-08 12:15:21.396 - ERROR - zapis_do_opc : ns=1;i=100013 - 'NoneType' object has no attribute 'write'
2026-01-08 12:15:21.444 - WARNING - main : Thread Reader-1 is not alive
2026-01-08 12:15:21.456 - WARNING - main : Thread Reader-2 is not alive
2026-01-08 12:15:21.457 - INFO - 2026_01_08__12_15_21_457283 : Konec
2026-01-08 12:15:21.457 - INFO - -----------------------------------------------------
2026-01-08 12:16:22.226 - INFO - -----------------------------------------------------
2026-01-08 12:16:22.228 - INFO - Začátek
2026-01-08 12:16:22.230 - DEBUG - load_config : Configuration loaded: 2 reader(s) from /home/user/at_acs_card_reader/serial_card_reader.json
2026-01-08 12:16:22.230 - INFO - Starting 2 card reader(s)...
2026-01-08 12:16:22.231 - INFO - Initializing Reader-1 on port /dev/ttyACM_back_left
2026-01-08 12:16:22.232 - INFO - Initializing Reader-2 on port /dev/ttyACM_back_right
2026-01-08 12:16:22.234 - INFO - read : Reader-1 (/dev/ttyACM_back_left): Opened @ 115200
2026-01-08 12:16:22.241 - INFO - read : Reader-2 (/dev/ttyACM_back_right): Opened @ 115200
2026-01-08 12:23:23.186 - INFO - main : Received signal, stopping...
2026-01-08 12:23:23.193 - INFO - main : Received signal, stopping...
2026-01-08 12:23:24.177 - WARNING - main : Thread Reader-2 is not alive
2026-01-08 12:23:24.178 - INFO - 2026_01_08__12_23_24_178088 : Konec
2026-01-08 12:23:24.178 - INFO - -----------------------------------------------------
2026-01-08 12:23:24.740 - INFO - -----------------------------------------------------
2026-01-08 12:23:24.741 - INFO - Začátek
2026-01-08 12:23:24.742 - DEBUG - load_config : Configuration loaded: 2 reader(s) from /home/user/at_acs_card_reader/serial_card_reader.json
2026-01-08 12:23:24.744 - INFO - Starting 2 card reader(s)...
2026-01-08 12:23:24.745 - INFO - Initializing Reader-1 on port /dev/ttyACM_back_left
2026-01-08 12:23:24.746 - INFO - Initializing Reader-2 on port /dev/ttyACM_back_right
2026-01-08 12:23:24.747 - INFO - read : Reader-1 (/dev/ttyACM_back_left): Opened @ 115200
2026-01-08 12:23:24.754 - INFO - read : Reader-2 (/dev/ttyACM_back_right): Opened @ 115200
2026-01-08 12:23:34.033 - INFO - read : Reader-1: UID (no SW): 303043453031413237350D
2026-01-08 12:24:29.060 - INFO - read : Reader-1: UID (no SW): 303043453031413237350D
2026-01-08 13:05:35.195 - INFO - read : Reader-1: UID (no SW): 303043453031413237350D
2026-01-08 13:05:47.054 - INFO - read : Reader-1: UID (no SW): 303043453031413237350D
2026-01-08 13:06:42.854 - INFO - read : Reader-1: UID (no SW): 303043453031413237350D
2026-01-08 13:14:49.235 - INFO - main : Received signal, stopping...
2026-01-08 13:14:49.443 - WARNING - main : Thread Reader-1 is not alive
2026-01-08 13:14:49.469 - WARNING - main : Thread Reader-2 is not alive
2026-01-08 13:14:49.469 - INFO - 2026_01_08__13_14_49_469574 : Konec
2026-01-08 13:14:49.469 - INFO - -----------------------------------------------------
2026-01-08 13:15:30.125 - INFO - -----------------------------------------------------
2026-01-08 13:15:30.127 - INFO - Začátek
2026-01-08 13:15:30.127 - DEBUG - load_config : Configuration loaded: 2 reader(s) from /home/user/at_acs_card_reader/serial_card_reader.json
2026-01-08 13:15:30.128 - INFO - Starting 2 card reader(s)...
2026-01-08 13:15:30.128 - INFO - Initializing Reader-1 on port /dev/ttyACM_back_left
2026-01-08 13:15:30.130 - INFO - read : Reader-1 (/dev/ttyACM_back_left): Opened @ 115200
2026-01-08 13:15:30.152 - INFO - Initializing Reader-2 on port /dev/ttyACM_back_right
2026-01-08 13:15:30.154 - ERROR - zapis_do_opc : ns=1;i=100013 - [Errno 111] Connection refused
2026-01-08 13:15:30.160 - ERROR - zapis_do_opc : ns=1;i=100013 - 'NoneType' object has no attribute 'write'
2026-01-08 13:15:30.161 - INFO - read : Reader-2 (/dev/ttyACM_back_right): Opened @ 115200
2026-01-08 13:15:30.183 - ERROR - zapis_do_opc : ns=1;i=100017 - [Errno 111] Connection refused
2026-01-08 13:15:30.189 - ERROR - zapis_do_opc : ns=1;i=100017 - 'NoneType' object has no attribute 'write'
2026-01-08 13:15:30.269 - WARNING - main : Thread Reader-1 is not alive
2026-01-08 13:15:30.272 - WARNING - main : Thread Reader-2 is not alive
2026-01-08 13:15:30.274 - INFO - 2026_01_08__13_15_30_274399 : Konec
2026-01-08 13:15:30.274 - INFO - -----------------------------------------------------
2026-01-08 13:16:30.884 - INFO - -----------------------------------------------------
2026-01-08 13:16:30.884 - INFO - Začátek
2026-01-08 13:16:30.884 - DEBUG - load_config : Configuration loaded: 2 reader(s) from /home/user/at_acs_card_reader/serial_card_reader.json
2026-01-08 13:16:30.885 - INFO - Starting 2 card reader(s)...
2026-01-08 13:16:30.886 - INFO - Initializing Reader-1 on port /dev/ttyACM_back_left
2026-01-08 13:16:30.886 - INFO - Initializing Reader-2 on port /dev/ttyACM_back_right
2026-01-08 13:16:30.887 - INFO - read : Reader-1 (/dev/ttyACM_back_left): Opened @ 115200
2026-01-08 13:16:30.893 - INFO - read : Reader-2 (/dev/ttyACM_back_right): Opened @ 115200
2026-01-08 13:21:27.431 - INFO - main : Received signal, stopping...
2026-01-08 13:21:27.677 - INFO - main : Received signal, stopping...
2026-01-08 13:21:27.701 - WARNING - main : Thread Reader-1 is not alive
2026-01-08 13:21:27.701 - WARNING - main : Thread Reader-2 is not alive
2026-01-08 13:21:27.702 - INFO - 2026_01_08__13_21_27_702003 : Konec
2026-01-08 13:21:27.702 - INFO - -----------------------------------------------------
2026-01-08 13:22:04.351 - INFO - -----------------------------------------------------
2026-01-08 13:22:04.356 - INFO - Začátek
2026-01-08 13:22:04.357 - DEBUG - load_config : Configuration loaded: 2 reader(s) from /home/user/at_acs_card_reader/serial_card_reader.json
2026-01-08 13:22:04.357 - INFO - Starting 2 card reader(s)...
2026-01-08 13:22:04.357 - INFO - Initializing Reader-1 on port /dev/ttyACM_back_left
2026-01-08 13:22:04.359 - INFO - Initializing Reader-2 on port /dev/ttyACM_back_right
2026-01-08 13:22:04.360 - INFO - read : Reader-1 (/dev/ttyACM_back_left): Opened @ 115200
2026-01-08 13:22:04.373 - ERROR - zapis_do_opc : ns=1;i=100013 - [Errno 111] Connection refused
2026-01-08 13:22:04.382 - INFO - read : Reader-2 (/dev/ttyACM_back_right): Opened @ 115200
2026-01-08 13:22:04.383 - ERROR - zapis_do_opc : ns=1;i=100013 - 'NoneType' object has no attribute 'write'
2026-01-08 13:22:04.389 - ERROR - zapis_do_opc : ns=1;i=100017 - [Errno 111] Connection refused
2026-01-08 13:22:04.390 - ERROR - zapis_do_opc : ns=1;i=100017 - 'NoneType' object has no attribute 'write'
2026-01-08 13:22:04.449 - WARNING - main : Thread Reader-1 is not alive
2026-01-08 13:22:04.450 - WARNING - main : Thread Reader-2 is not alive
2026-01-08 13:22:04.450 - INFO - 2026_01_08__13_22_04_450138 : Konec
2026-01-08 13:22:04.450 - INFO - -----------------------------------------------------
2026-01-08 13:23:05.182 - INFO - -----------------------------------------------------
2026-01-08 13:23:05.182 - INFO - Začátek
2026-01-08 13:23:05.182 - DEBUG - load_config : Configuration loaded: 2 reader(s) from /home/user/at_acs_card_reader/serial_card_reader.json
2026-01-08 13:23:05.183 - INFO - Starting 2 card reader(s)...
2026-01-08 13:23:05.183 - INFO - Initializing Reader-1 on port /dev/ttyACM_back_left
2026-01-08 13:23:05.186 - INFO - Initializing Reader-2 on port /dev/ttyACM_back_right
2026-01-08 13:23:05.189 - INFO - read : Reader-1 (/dev/ttyACM_back_left): Opened @ 115200
2026-01-08 13:23:05.199 - INFO - read : Reader-2 (/dev/ttyACM_back_right): Opened @ 115200
2026-01-08 13:24:20.107 - INFO - main : Received signal, stopping...
2026-01-08 13:24:20.296 - INFO - main : Received signal, stopping...
2026-01-08 13:24:20.636 - WARNING - main : Thread Reader-2 is not alive
2026-01-08 13:24:20.710 - INFO - 2026_01_08__13_24_20_710221 : Konec
2026-01-08 13:24:20.710 - INFO - -----------------------------------------------------
2026-01-08 13:25:05.143 - INFO - -----------------------------------------------------
2026-01-08 13:25:05.148 - INFO - Začátek
2026-01-08 13:25:05.152 - DEBUG - load_config : Configuration loaded: 2 reader(s) from /home/user/at_acs_card_reader/serial_card_reader.json
2026-01-08 13:25:05.153 - INFO - Starting 2 card reader(s)...
2026-01-08 13:25:05.153 - INFO - Initializing Reader-1 on port /dev/ttyACM_back_left
2026-01-08 13:25:05.154 - INFO - Initializing Reader-2 on port /dev/ttyACM_back_right
2026-01-08 13:25:05.155 - INFO - read : Reader-1 (/dev/ttyACM_back_left): Opened @ 115200
2026-01-08 13:25:05.159 - ERROR - zapis_do_opc : ns=1;i=100013 - [Errno 111] Connection refused
2026-01-08 13:25:05.176 - ERROR - zapis_do_opc : ns=1;i=100013 - 'NoneType' object has no attribute 'write'
2026-01-08 13:25:05.177 - INFO - read : Reader-2 (/dev/ttyACM_back_right): Opened @ 115200
2026-01-08 13:25:05.178 - ERROR - zapis_do_opc : ns=1;i=100017 - [Errno 111] Connection refused
2026-01-08 13:25:05.179 - ERROR - zapis_do_opc : ns=1;i=100017 - 'NoneType' object has no attribute 'write'
2026-01-08 13:25:05.214 - WARNING - main : Thread Reader-1 is not alive
2026-01-08 13:25:05.214 - WARNING - main : Thread Reader-2 is not alive
2026-01-08 13:25:05.214 - INFO - 2026_01_08__13_25_05_214551 : Konec
2026-01-08 13:25:05.214 - INFO - -----------------------------------------------------
2026-01-08 13:25:16.963 - INFO - -----------------------------------------------------
2026-01-08 13:25:16.964 - INFO - Začátek
2026-01-08 13:25:16.976 - DEBUG - load_config : Configuration loaded: 2 reader(s) from /home/user/at_acs_card_reader/serial_card_reader.json
2026-01-08 13:25:16.977 - INFO - Starting 2 card reader(s)...
2026-01-08 13:25:16.977 - INFO - Initializing Reader-1 on port /dev/ttyACM_back_left
2026-01-08 13:25:16.978 - INFO - Initializing Reader-2 on port /dev/ttyACM_back_right
2026-01-08 13:25:16.985 - INFO - read : Reader-1 (/dev/ttyACM_back_left): Opened @ 115200
2026-01-08 13:25:17.003 - INFO - read : Reader-2 (/dev/ttyACM_back_right): Opened @ 115200
2026-01-08 13:26:41.319 - INFO - main : Received signal, stopping...
2026-01-08 13:26:41.536 - INFO - main : Received signal, stopping...
2026-01-08 13:26:42.387 - WARNING - main : Thread Reader-2 is not alive
2026-01-08 13:26:42.388 - INFO - 2026_01_08__13_26_42_388263 : Konec
2026-01-08 13:26:42.388 - INFO - -----------------------------------------------------
2026-01-08 13:27:14.060 - INFO - -----------------------------------------------------
2026-01-08 13:27:14.063 - INFO - Začátek
2026-01-08 13:27:14.064 - DEBUG - load_config : Configuration loaded: 2 reader(s) from /home/user/at_acs_card_reader/serial_card_reader.json
2026-01-08 13:27:14.065 - INFO - Starting 2 card reader(s)...
2026-01-08 13:27:14.066 - INFO - Initializing Reader-1 on port /dev/ttyACM_back_left
2026-01-08 13:27:14.068 - INFO - Initializing Reader-2 on port /dev/ttyACM_back_right
2026-01-08 13:27:14.069 - INFO - read : Reader-1 (/dev/ttyACM_back_left): Opened @ 115200
2026-01-08 13:27:14.085 - INFO - read : Reader-2 (/dev/ttyACM_back_right): Opened @ 115200
2026-01-08 13:27:14.091 - ERROR - zapis_do_opc : ns=1;i=100017 - [Errno 111] Connection refused
2026-01-08 13:27:14.093 - ERROR - zapis_do_opc : ns=1;i=100017 - 'NoneType' object has no attribute 'write'
2026-01-08 13:27:14.107 - ERROR - zapis_do_opc : ns=1;i=100013 - [Errno 111] Connection refused
2026-01-08 13:27:14.108 - ERROR - zapis_do_opc : ns=1;i=100013 - 'NoneType' object has no attribute 'write'
2026-01-08 13:27:14.144 - WARNING - main : Thread Reader-1 is not alive
2026-01-08 13:27:14.144 - WARNING - main : Thread Reader-2 is not alive
2026-01-08 13:27:14.145 - INFO - 2026_01_08__13_27_14_145015 : Konec
2026-01-08 13:27:14.145 - INFO - -----------------------------------------------------
2026-01-08 13:27:25.777 - INFO - -----------------------------------------------------
2026-01-08 13:27:25.777 - INFO - Začátek
2026-01-08 13:27:25.778 - DEBUG - load_config : Configuration loaded: 2 reader(s) from /home/user/at_acs_card_reader/serial_card_reader.json
2026-01-08 13:27:25.783 - INFO - Starting 2 card reader(s)...
2026-01-08 13:27:25.783 - INFO - Initializing Reader-1 on port /dev/ttyACM_back_left
2026-01-08 13:27:25.785 - INFO - read : Reader-1 (/dev/ttyACM_back_left): Opened @ 115200
2026-01-08 13:27:25.793 - INFO - Initializing Reader-2 on port /dev/ttyACM_back_right
2026-01-08 13:27:25.796 - INFO - read : Reader-2 (/dev/ttyACM_back_right): Opened @ 115200
2026-01-08 13:28:19.227 - INFO - main : Received signal, stopping...
2026-01-08 13:28:19.371 - INFO - main : Received signal, stopping...
2026-01-08 13:28:20.125 - WARNING - main : Thread Reader-1 is not alive
2026-01-08 13:28:20.201 - WARNING - main : Thread Reader-2 is not alive
2026-01-08 13:28:20.202 - INFO - 2026_01_08__13_28_20_202161 : Konec
2026-01-08 13:28:20.202 - INFO - -----------------------------------------------------
2026-01-08 13:28:52.236 - INFO - -----------------------------------------------------
2026-01-08 13:28:52.237 - INFO - Začátek
2026-01-08 13:28:52.238 - DEBUG - load_config : Configuration loaded: 2 reader(s) from /home/user/at_acs_card_reader/serial_card_reader.json
2026-01-08 13:28:52.239 - INFO - Starting 2 card reader(s)...
2026-01-08 13:28:52.239 - INFO - Initializing Reader-1 on port /dev/ttyACM_back_left
2026-01-08 13:28:52.240 - INFO - Initializing Reader-2 on port /dev/ttyACM_back_right
2026-01-08 13:28:52.242 - INFO - read : Reader-1 (/dev/ttyACM_back_left): Opened @ 115200
2026-01-08 13:28:52.253 - INFO - read : Reader-2 (/dev/ttyACM_back_right): Opened @ 115200
2026-01-08 13:28:52.264 - ERROR - zapis_do_opc : ns=1;i=100017 - [Errno 111] Connection refused
2026-01-08 13:28:52.265 - ERROR - zapis_do_opc : ns=1;i=100017 - 'NoneType' object has no attribute 'write'
2026-01-08 13:28:52.274 - ERROR - zapis_do_opc : ns=1;i=100013 - [Errno 111] Connection refused
2026-01-08 13:28:52.276 - ERROR - zapis_do_opc : ns=1;i=100013 - 'NoneType' object has no attribute 'write'
2026-01-08 13:28:52.310 - WARNING - main : Thread Reader-1 is not alive
2026-01-08 13:28:52.311 - WARNING - main : Thread Reader-2 is not alive
2026-01-08 13:28:52.312 - INFO - 2026_01_08__13_28_52_312291 : Konec
2026-01-08 13:28:52.312 - INFO - -----------------------------------------------------
2026-01-08 13:29:04.392 - INFO - -----------------------------------------------------
2026-01-08 13:29:04.392 - INFO - Začátek
2026-01-08 13:29:04.411 - DEBUG - load_config : Configuration loaded: 2 reader(s) from /home/user/at_acs_card_reader/serial_card_reader.json
2026-01-08 13:29:04.413 - INFO - Starting 2 card reader(s)...
2026-01-08 13:29:04.415 - INFO - Initializing Reader-1 on port /dev/ttyACM_back_left
2026-01-08 13:29:04.418 - INFO - Initializing Reader-2 on port /dev/ttyACM_back_right
2026-01-08 13:29:04.424 - INFO - read : Reader-1 (/dev/ttyACM_back_left): Opened @ 115200
2026-01-08 13:29:04.452 - INFO - read : Reader-2 (/dev/ttyACM_back_right): Opened @ 115200
2026-01-08 13:29:39.496 - INFO - main : Received signal, stopping...
2026-01-08 13:29:39.661 - INFO - main : Received signal, stopping...
2026-01-08 13:29:40.670 - WARNING - main : Thread Reader-1 is not alive
2026-01-08 13:29:40.671 - WARNING - main : Thread Reader-2 is not alive
2026-01-08 13:29:40.671 - INFO - 2026_01_08__13_29_40_671464 : Konec
2026-01-08 13:29:40.671 - INFO - -----------------------------------------------------
2026-01-08 13:30:16.016 - INFO - -----------------------------------------------------
2026-01-08 13:30:16.017 - INFO - Začátek
2026-01-08 13:30:16.018 - DEBUG - load_config : Configuration loaded: 2 reader(s) from /home/user/at_acs_card_reader/serial_card_reader.json
2026-01-08 13:30:16.023 - INFO - Starting 2 card reader(s)...
2026-01-08 13:30:16.023 - INFO - Initializing Reader-1 on port /dev/ttyACM_back_left
2026-01-08 13:30:16.024 - INFO - Initializing Reader-2 on port /dev/ttyACM_back_right
2026-01-08 13:30:16.026 - INFO - read : Reader-1 (/dev/ttyACM_back_left): Opened @ 115200
2026-01-08 13:30:16.031 - ERROR - zapis_do_opc : ns=1;i=100013 - [Errno 111] Connection refused
2026-01-08 13:30:16.033 - INFO - read : Reader-2 (/dev/ttyACM_back_right): Opened @ 115200
2026-01-08 13:30:16.035 - ERROR - zapis_do_opc : ns=1;i=100013 - 'NoneType' object has no attribute 'write'
2026-01-08 13:30:16.062 - ERROR - zapis_do_opc : ns=1;i=100017 - [Errno 111] Connection refused
2026-01-08 13:30:16.063 - ERROR - zapis_do_opc : ns=1;i=100017 - 'NoneType' object has no attribute 'write'
2026-01-08 13:30:16.122 - WARNING - main : Thread Reader-1 is not alive
2026-01-08 13:30:16.125 - WARNING - main : Thread Reader-2 is not alive
2026-01-08 13:30:16.126 - INFO - 2026_01_08__13_30_16_126336 : Konec
2026-01-08 13:30:16.126 - INFO - -----------------------------------------------------
2026-01-08 13:30:27.723 - INFO - -----------------------------------------------------
2026-01-08 13:30:27.740 - INFO - Začátek
2026-01-08 13:30:27.743 - DEBUG - load_config : Configuration loaded: 2 reader(s) from /home/user/at_acs_card_reader/serial_card_reader.json
2026-01-08 13:30:27.745 - INFO - Starting 2 card reader(s)...
2026-01-08 13:30:27.746 - INFO - Initializing Reader-1 on port /dev/ttyACM_back_left
2026-01-08 13:30:27.752 - INFO - Initializing Reader-2 on port /dev/ttyACM_back_right
2026-01-08 13:30:27.753 - INFO - read : Reader-1 (/dev/ttyACM_back_left): Opened @ 115200
2026-01-08 13:30:27.768 - INFO - read : Reader-2 (/dev/ttyACM_back_right): Opened @ 115200
2026-01-08 13:31:15.789 - INFO - main : Received signal, stopping...
2026-01-08 13:31:15.959 - INFO - main : Received signal, stopping...
2026-01-08 13:31:16.702 - WARNING - main : Thread Reader-1 is not alive
2026-01-08 13:31:16.780 - WARNING - main : Thread Reader-2 is not alive
2026-01-08 13:31:16.780 - INFO - 2026_01_08__13_31_16_780668 : Konec
2026-01-08 13:31:16.780 - INFO - -----------------------------------------------------
2026-01-08 13:31:57.048 - INFO - -----------------------------------------------------
2026-01-08 13:31:57.066 - INFO - Začátek
2026-01-08 13:31:57.070 - DEBUG - load_config : Configuration loaded: 2 reader(s) from /home/user/at_acs_card_reader/serial_card_reader.json
2026-01-08 13:31:57.071 - INFO - Starting 2 card reader(s)...
2026-01-08 13:31:57.072 - INFO - Initializing Reader-1 on port /dev/ttyACM_back_left
2026-01-08 13:31:57.073 - INFO - Initializing Reader-2 on port /dev/ttyACM_back_right
2026-01-08 13:31:57.075 - INFO - read : Reader-1 (/dev/ttyACM_back_left): Opened @ 115200
2026-01-08 13:31:57.080 - ERROR - zapis_do_opc : ns=1;i=100013 - [Errno 111] Connection refused
2026-01-08 13:31:57.093 - INFO - read : Reader-2 (/dev/ttyACM_back_right): Opened @ 115200
2026-01-08 13:31:57.095 - ERROR - zapis_do_opc : ns=1;i=100013 - 'NoneType' object has no attribute 'write'
2026-01-08 13:31:57.098 - ERROR - zapis_do_opc : ns=1;i=100017 - [Errno 111] Connection refused
2026-01-08 13:31:57.101 - ERROR - zapis_do_opc : ns=1;i=100017 - 'NoneType' object has no attribute 'write'
2026-01-08 13:31:57.179 - WARNING - main : Thread Reader-1 is not alive
2026-01-08 13:31:57.180 - WARNING - main : Thread Reader-2 is not alive
2026-01-08 13:31:57.180 - INFO - 2026_01_08__13_31_57_180641 : Konec
2026-01-08 13:31:57.181 - INFO - -----------------------------------------------------
2026-01-08 13:32:08.723 - INFO - -----------------------------------------------------
2026-01-08 13:32:08.723 - INFO - Začátek
2026-01-08 13:32:08.731 - DEBUG - load_config : Configuration loaded: 2 reader(s) from /home/user/at_acs_card_reader/serial_card_reader.json
2026-01-08 13:32:08.731 - INFO - Starting 2 card reader(s)...
2026-01-08 13:32:08.732 - INFO - Initializing Reader-1 on port /dev/ttyACM_back_left
2026-01-08 13:32:08.732 - INFO - Initializing Reader-2 on port /dev/ttyACM_back_right
2026-01-08 13:32:08.744 - INFO - read : Reader-1 (/dev/ttyACM_back_left): Opened @ 115200
2026-01-08 13:32:08.755 - INFO - read : Reader-2 (/dev/ttyACM_back_right): Opened @ 115200
